Trail no. : 0
{'batch_size': 32, 'dropout_keep_probability': 0.16243406031538116, 'l1_reg': 0.025026592102569946, 'l2_reg': 0.0651619313919152, 'layer_size': 1778.0, 'learning_rate': 5.980072842100856e-06, 'num_layers': 4.0, 'validation_window': 5}
Loss : 5240.9169921875
****************************************************************************************************
Trail no. : 1
{'batch_size': 32, 'dropout_keep_probability': 0.37291367695665834, 'l1_reg': 0.10691623261539905, 'l2_reg': 0.1213747960195442, 'layer_size': 1978.0, 'learning_rate': 7.263130016327144e-05, 'num_layers': 3.0, 'validation_window': 5}
Loss : 16500.326171875
****************************************************************************************************
Trail no. : 2
{'batch_size': 32, 'dropout_keep_probability': 0.4331401386918682, 'l1_reg': 0.02308294824326327, 'l2_reg': 0.11627569439895676, 'layer_size': 150.0, 'learning_rate': 0.001, 'num_layers': 2.0, 'validation_window': 5}
Loss : 77.62171936035156
****************************************************************************************************
Trail no. : 3
{'batch_size': 32, 'dropout_keep_probability': 0.2166908755202971, 'l1_reg': 0.15269426110119425, 'l2_reg': 0.051368654772095096, 'layer_size': 1040.0, 'learning_rate': 0.007, 'num_layers': 3.0, 'validation_window': 5}
Loss : 1613.0068359375
****************************************************************************************************
Trail no. : 4
{'batch_size': 32, 'dropout_keep_probability': 0.31915012817308386, 'l1_reg': 0.06620868517874601, 'l2_reg': 0.19560249628138293, 'layer_size': 410.0, 'learning_rate': 0.001, 'num_layers': 2.0, 'validation_window': 5}
Loss : 536.5886840820312
****************************************************************************************************
Trail no. : 5
{'batch_size': 32, 'dropout_keep_probability': 0.2656804356503669, 'l1_reg': 0.14804469993526542, 'l2_reg': 0.008346049290246427, 'layer_size': 740.0, 'learning_rate': 0.005, 'num_layers': 2.0, 'validation_window': 5}
Loss : 464.7169189453125
****************************************************************************************************
Trail no. : 6
{'batch_size': 32, 'dropout_keep_probability': 0.1574180067324361, 'l1_reg': 0.059902448054998295, 'l2_reg': 0.09853356652840213, 'layer_size': 1550.0, 'learning_rate': 0.005, 'num_layers': 3.0, 'validation_window': 5}
Loss : 1039.3499755859375
****************************************************************************************************
Trail no. : 7
{'batch_size': 32, 'dropout_keep_probability': 0.16679420565457947, 'l1_reg': 0.1224229165497317, 'l2_reg': 0.16910596533351172, 'layer_size': 770.0, 'learning_rate': 0.003, 'num_layers': 2.0, 'validation_window': 5}
Loss : 658.8018798828125
****************************************************************************************************
Trail no. : 8
{'batch_size': 32, 'dropout_keep_probability': 0.3625283816230226, 'l1_reg': 0.0968566835588553, 'l2_reg': 0.04619458723051213, 'layer_size': 1500.0, 'learning_rate': 0.005, 'num_layers': 2.0, 'validation_window': 5}
Loss : 828.4573974609375
****************************************************************************************************
Trail no. : 9
{'batch_size': 32, 'dropout_keep_probability': 0.10819927422696991, 'l1_reg': 0.19824409917181537, 'l2_reg': 0.08861672002385002, 'layer_size': 280.0, 'learning_rate': 0.005, 'num_layers': 3.0, 'validation_window': 5}
Loss : 458.9633483886719
****************************************************************************************************
Trail no. : 10
{'batch_size': 32, 'dropout_keep_probability': 0.45610341823240175, 'l1_reg': 0.11324597346230561, 'l2_reg': 0.1978133895695552, 'layer_size': 1820.0, 'learning_rate': 0.004, 'num_layers': 1.0, 'validation_window': 5}
Loss : 133.88580322265625
****************************************************************************************************
Trail no. : 11
{'batch_size': 32, 'dropout_keep_probability': 0.12962650724477165, 'l1_reg': 0.1233970815730703, 'l2_reg': 0.1363623561632576, 'layer_size': 1410.0, 'learning_rate': 0.004, 'num_layers': 4.0, 'validation_window': 5}
Loss : 2308.72021484375
****************************************************************************************************
Trail no. : 12
{'batch_size': 32, 'dropout_keep_probability': 0.4311550784853453, 'l1_reg': 0.13071571480575425, 'l2_reg': 0.12451082461348753, 'layer_size': 260.0, 'learning_rate': 0.004, 'num_layers': 5.0, 'validation_window': 5}
Loss : 637.6102294921875
****************************************************************************************************
Trail no. : 13
{'batch_size': 32, 'dropout_keep_probability': 0.2886669144218415, 'l1_reg': 0.1493450207164963, 'l2_reg': 0.13754281447278335, 'layer_size': 570.0, 'learning_rate': 0.005, 'num_layers': 4.0, 'validation_window': 5}
Loss : 934.9832763671875
****************************************************************************************************
Trail no. : 14
{'batch_size': 32, 'dropout_keep_probability': 0.3892957267835766, 'l1_reg': 0.01707521447184872, 'l2_reg': 0.032448725199754946, 'layer_size': 1430.0, 'learning_rate': 0.008, 'num_layers': 4.0, 'validation_window': 5}
Loss : 521.0367431640625
****************************************************************************************************
Trail no. : 15
{'batch_size': 32, 'dropout_keep_probability': 0.4607941757473437, 'l1_reg': 0.03654520178925038, 'l2_reg': 0.05557756082755747, 'layer_size': 1560.0, 'learning_rate': 0.005, 'num_layers': 4.0, 'validation_window': 5}
Loss : 964.33642578125
****************************************************************************************************
Trail no. : 16
{'batch_size': 32, 'dropout_keep_probability': 0.4465389559232503, 'l1_reg': 0.13086821978680357, 'l2_reg': 0.042047523845385286, 'layer_size': 1830.0, 'learning_rate': 0.002, 'num_layers': 3.0, 'validation_window': 5}
Loss : 3911.1044921875
****************************************************************************************************
Trail no. : 17
{'batch_size': 32, 'dropout_keep_probability': 0.15445357146426672, 'l1_reg': 0.19549928751411266, 'l2_reg': 0.11932066223884037, 'layer_size': 1120.0, 'learning_rate': 0.001, 'num_layers': 4.0, 'validation_window': 5}
Loss : 10865.5537109375
****************************************************************************************************
Trail no. : 18
{'batch_size': 32, 'dropout_keep_probability': 0.2656490174784728, 'l1_reg': 0.008000694942928611, 'l2_reg': 0.09065907829578793, 'layer_size': 960.0, 'learning_rate': 0.003, 'num_layers': 2.0, 'validation_window': 5}
Loss : 85.60719299316406
****************************************************************************************************
Trail no. : 19
{'batch_size': 32, 'dropout_keep_probability': 0.11312921992412961, 'l1_reg': 0.08283789507008683, 'l2_reg': 0.1941148221428058, 'layer_size': 860.0, 'learning_rate': 0.009000000000000001, 'num_layers': 2.0, 'validation_window': 5}
Loss : 410.8930969238281
****************************************************************************************************
Trail no. : 20
{'batch_size': 32, 'dropout_keep_probability': 0.22518451029186898, 'l1_reg': 0.0015505814291214212, 'l2_reg': 0.07806665789719057, 'layer_size': 40.0, 'learning_rate': 0.002, 'num_layers': 1.0, 'validation_window': 5}
Loss : 4.135817050933838
****************************************************************************************************
Trail no. : 21
{'batch_size': 32, 'dropout_keep_probability': 0.22276795349105713, 'l1_reg': 0.03853536432572532, 'l2_reg': 0.1592047693751426, 'layer_size': 10.0, 'learning_rate': 0.001, 'num_layers': 1.0, 'validation_window': 5}
Loss : 8.150154113769531
****************************************************************************************************
Trail no. : 22
{'batch_size': 32, 'dropout_keep_probability': 0.2189560095166675, 'l1_reg': 0.0008551461248576075, 'l2_reg': 0.16469487729299048, 'layer_size': 30.0, 'learning_rate': 0.003, 'num_layers': 1.0, 'validation_window': 5}
Loss : 4.182228088378906
****************************************************************************************************
Trail no. : 23
{'batch_size': 32, 'dropout_keep_probability': 0.21381619531639662, 'l1_reg': 0.005179578224007249, 'l2_reg': 0.07315274588059514, 'layer_size': 50.0, 'learning_rate': 0.002, 'num_layers': 1.0, 'validation_window': 5}
Loss : 6.240052700042725
****************************************************************************************************
Trail no. : 24
{'batch_size': 32, 'dropout_keep_probability': 0.20149023877800926, 'l1_reg': 0.0018789074851597587, 'l2_reg': 0.17201419356934894, 'layer_size': 440.0, 'learning_rate': 0.003, 'num_layers': 1.0, 'validation_window': 5}
Loss : 10.405478477478027
****************************************************************************************************
Trail no. : 25
{'batch_size': 32, 'dropout_keep_probability': 0.3107015690363517, 'l1_reg': 0.0552275816607352, 'l2_reg': 0.014932651651651863, 'layer_size': 600.0, 'learning_rate': 0.002, 'num_layers': 1.0, 'validation_window': 5}
Loss : 114.93828582763672
****************************************************************************************************
Trail no. : 26
{'batch_size': 32, 'dropout_keep_probability': 0.2538861668174149, 'l1_reg': 0.04719066100497002, 'l2_reg': 0.149721650848475, 'layer_size': 10.0, 'learning_rate': 0.007, 'num_layers': 1.0, 'validation_window': 5}
Loss : 4.401861190795898
****************************************************************************************************
Trail no. : 27
{'batch_size': 32, 'dropout_keep_probability': 0.1930238036360042, 'l1_reg': 0.0792017839231476, 'l2_reg': 0.0760700508342916, 'layer_size': 1230.0, 'learning_rate': 0.003, 'num_layers': 1.0, 'validation_window': 5}
Loss : 116.04286193847656
****************************************************************************************************
Trail no. : 28
{'batch_size': 32, 'dropout_keep_probability': 0.23824659009964488, 'l1_reg': 0.032511417517738825, 'l2_reg': 0.1798706440170293, 'layer_size': 180.0, 'learning_rate': 0.006, 'num_layers': 1.0, 'validation_window': 5}
Loss : 17.815109252929688
****************************************************************************************************
Trail no. : 29
{'batch_size': 32, 'dropout_keep_probability': 0.2899599351884097, 'l1_reg': 0.17110921339416307, 'l2_reg': 0.10474388692123172, 'layer_size': 350.0, 'learning_rate': 0.002, 'num_layers': 5.0, 'validation_window': 5}
Loss : 2197.775634765625
****************************************************************************************************
Trail no. : 30
{'batch_size': 32, 'dropout_keep_probability': 0.18144676003321047, 'l1_reg': 0.002293785078087293, 'l2_reg': 0.027716207449799676, 'layer_size': 540.0, 'learning_rate': 0.004, 'num_layers': 1.0, 'validation_window': 5}
Loss : 7.774405479431152
****************************************************************************************************
Trail no. : 31
{'batch_size': 32, 'dropout_keep_probability': 0.33892973444594443, 'l1_reg': 0.017450100482069776, 'l2_reg': 0.06774457563763628, 'layer_size': 140.0, 'learning_rate': 0.006, 'num_layers': 2.0, 'validation_window': 5}
Loss : 23.722164154052734
****************************************************************************************************
Trail no. : 32
{'batch_size': 32, 'dropout_keep_probability': 0.1346666860609013, 'l1_reg': 0.07552061946756128, 'l2_reg': 0.14360515590471984, 'layer_size': 690.0, 'learning_rate': 0.002, 'num_layers': 2.0, 'validation_window': 5}
Loss : 613.8909912109375
****************************************************************************************************
Trail no. : 33
{'batch_size': 32, 'dropout_keep_probability': 0.24016323695288172, 'l1_reg': 0.025002545628947773, 'l2_reg': 0.10863857447159712, 'layer_size': 120.0, 'learning_rate': 0.001, 'num_layers': 1.0, 'validation_window': 5}
Loss : 36.22217559814453
****************************************************************************************************
Trail no. : 34
{'batch_size': 32, 'dropout_keep_probability': 0.280488145781032, 'l1_reg': 0.09243188245311601, 'l2_reg': 0.08461187614667948, 'layer_size': 430.0, 'learning_rate': 0.003, 'num_layers': 2.0, 'validation_window': 5}
Loss : 334.0956115722656
****************************************************************************************************
Trail no. : 35
{'batch_size': 32, 'dropout_keep_probability': 0.3419605670057593, 'l1_reg': 0.04659420473264574, 'l2_reg': 0.18602031962411475, 'layer_size': 270.0, 'learning_rate': 0.01, 'num_layers': 1.0, 'validation_window': 5}
Loss : 18.455669403076172
****************************************************************************************************
Trail no. : 36
{'batch_size': 32, 'dropout_keep_probability': 0.405500341580478, 'l1_reg': 0.06717574936198964, 'l2_reg': 0.05806481836340756, 'layer_size': 870.0, 'learning_rate': 0.001, 'num_layers': 3.0, 'validation_window': 5}
Loss : 1972.25830078125
****************************************************************************************************
Trail no. : 37
{'batch_size': 32, 'dropout_keep_probability': 0.1811596939739173, 'l1_reg': 0.17049145824284048, 'l2_reg': 0.12984814916564386, 'layer_size': 1150.0, 'learning_rate': 0.004, 'num_layers': 2.0, 'validation_window': 5}
Loss : 956.1762084960938
****************************************************************************************************
